This is pdfTeX, Version 3.14159265-2.6-1.40.20 (TeX Live 2019/Debian) (preloaded format=pdflatex 2022.3.23)  5 APR 2022 06:40
entering extended mode
 restricted \write18 enabled.
 %&-line parsing enabled.
**alltogethernow.tex
(./alltogethernow.tex
LaTeX2e <2020-02-02> patch level 2
L3 programming layer <2020-02-14>
(/usr/share/texlive/texmf-dist/tex/latex/base/article.cls
Document Class: article 2019/12/20 v1.4l Standard LaTeX document class
(/usr/share/texlive/texmf-dist/tex/latex/base/size10.clo
File: size10.clo 2019/12/20 v1.4l Standard LaTeX file (size option)
)
\c@part=\count167
\c@section=\count168
\c@subsection=\count169
\c@subsubsection=\count170
\c@paragraph=\count171
\c@subparagraph=\count172
\c@figure=\count173
\c@table=\count174
\abovecaptionskip=\skip47
\belowcaptionskip=\skip48
\bibindent=\dimen134
)
(/usr/share/texlive/texmf-dist/tex/latex/graphics/graphicx.sty
Package: graphicx 2019/11/30 v1.2a Enhanced LaTeX Graphics (DPC,SPQR)

(/usr/share/texlive/texmf-dist/tex/latex/graphics/keyval.sty
Package: keyval 2014/10/28 v1.15 key=value parser (DPC)
\KV@toks@=\toks14
)
(/usr/share/texlive/texmf-dist/tex/latex/graphics/graphics.sty
Package: graphics 2019/11/30 v1.4a Standard LaTeX Graphics (DPC,SPQR)

(/usr/share/texlive/texmf-dist/tex/latex/graphics/trig.sty
Package: trig 2016/01/03 v1.10 sin cos tan (DPC)
)
(/usr/share/texlive/texmf-dist/tex/latex/graphics-cfg/graphics.cfg
File: graphics.cfg 2016/06/04 v1.11 sample graphics configuration
)
Package graphics Info: Driver file: pdftex.def on input line 105.

(/usr/share/texlive/texmf-dist/tex/latex/graphics-def/pdftex.def
File: pdftex.def 2018/01/08 v1.0l Graphics/color driver for pdftex
))
\Gin@req@height=\dimen135
\Gin@req@width=\dimen136
)
(/usr/share/texlive/texmf-dist/tex/latex/l3backend/l3backend-pdfmode.def
File: l3backend-pdfmode.def 2020-02-03 L3 backend support: PDF mode
\l__kernel_color_stack_int=\count175
\l__pdf_internal_box=\box45
)
(./alltogethernow.aux)
\openout1 = `alltogethernow.aux'.

LaTeX Font Info:    Checking defaults for OML/cmm/m/it on input line 9.
LaTeX Font Info:    ... okay on input line 9.
LaTeX Font Info:    Checking defaults for OMS/cmsy/m/n on input line 9.
LaTeX Font Info:    ... okay on input line 9.
LaTeX Font Info:    Checking defaults for OT1/cmr/m/n on input line 9.
LaTeX Font Info:    ... okay on input line 9.
LaTeX Font Info:    Checking defaults for T1/cmr/m/n on input line 9.
LaTeX Font Info:    ... okay on input line 9.
LaTeX Font Info:    Checking defaults for TS1/cmr/m/n on input line 9.
LaTeX Font Info:    ... okay on input line 9.
LaTeX Font Info:    Checking defaults for OMX/cmex/m/n on input line 9.
LaTeX Font Info:    ... okay on input line 9.
LaTeX Font Info:    Checking defaults for U/cmr/m/n on input line 9.
LaTeX Font Info:    ... okay on input line 9.

(/usr/share/texlive/texmf-dist/tex/context/base/mkii/supp-pdf.mkii
[Loading MPS to PDF converter (version 2006.09.02).]
\scratchcounter=\count176
\scratchdimen=\dimen137
\scratchbox=\box46
\nofMPsegments=\count177
\nofMParguments=\count178
\everyMPshowfont=\toks15
\MPscratchCnt=\count179
\MPscratchDim=\dimen138
\MPnumerator=\count180
\makeMPintoPDFobject=\count181
\everyMPtoPDFconversion=\toks16
) (/usr/share/texlive/texmf-dist/tex/latex/epstopdf-pkg/epstopdf-base.sty
Package: epstopdf-base 2020-01-24 v2.11 Base part for package epstopdf
Package epstopdf-base Info: Redefining graphics rule for `.eps' on input line 4
85.

(/usr/share/texlive/texmf-dist/tex/latex/latexconfig/epstopdf-sys.cfg
File: epstopdf-sys.cfg 2010/07/13 v1.3 Configuration of (r)epstopdf for TeX Liv
e
))
LaTeX Font Info:    External font `cmex10' loaded for size
(Font)              <12> on input line 11.
LaTeX Font Info:    External font `cmex10' loaded for size
(Font)              <8> on input line 11.
LaTeX Font Info:    External font `cmex10' loaded for size
(Font)              <6> on input line 11.

(./abstract.tex
LaTeX Font Info:    External font `cmex10' loaded for size
(Font)              <7> on input line 3.
LaTeX Font Info:    External font `cmex10' loaded for size
(Font)              <5> on input line 3.
) (./background.tex [1

{/var/lib/texmf/fonts/map/pdftex/updmap/pdftex.map}]) (./TypeIa.tex
<2014J_U_magvstime.png, id=11, 462.528pt x 346.896pt>
File: 2014J_U_magvstime.png Graphic file (type png)
<use 2014J_U_magvstime.png>
Package pdftex.def Info: 2014J_U_magvstime.png  used on input line 5.
(pdftex.def)             Requested size: 172.5pt x 129.37639pt.
<2014J_B_magvstime.png, id=13, 462.528pt x 346.896pt>
File: 2014J_B_magvstime.png Graphic file (type png)
<use 2014J_B_magvstime.png>
Package pdftex.def Info: 2014J_B_magvstime.png  used on input line 9.
(pdftex.def)             Requested size: 172.5pt x 129.37639pt.
<2014J_V_magvstime.png, id=14, 462.528pt x 346.896pt>
File: 2014J_V_magvstime.png Graphic file (type png)
<use 2014J_V_magvstime.png>
Package pdftex.def Info: 2014J_V_magvstime.png  used on input line 13.
(pdftex.def)             Requested size: 172.5pt x 129.37639pt.
<2014J_R_magvstime.png, id=15, 462.528pt x 346.896pt>
File: 2014J_R_magvstime.png Graphic file (type png)
<use 2014J_R_magvstime.png>
Package pdftex.def Info: 2014J_R_magvstime.png  used on input line 17.
(pdftex.def)             Requested size: 172.5pt x 129.37639pt.
<2014J_I_magvstime.png, id=16, 462.528pt x 346.896pt>
File: 2014J_I_magvstime.png Graphic file (type png)
<use 2014J_I_magvstime.png>
Package pdftex.def Info: 2014J_I_magvstime.png  used on input line 21.
(pdftex.def)             Requested size: 172.5pt x 129.37639pt.
<2014J_all_magvstime.png, id=17, 462.528pt x 346.896pt>
File: 2014J_all_magvstime.png Graphic file (type png)
<use 2014J_all_magvstime.png>
Package pdftex.def Info: 2014J_all_magvstime.png  used on input line 25.
(pdftex.def)             Requested size: 172.5pt x 129.37639pt.
) (./TypeIIp.tex [2 <./2014J_U_magvstime.png>]
[3 <./2014J_B_magvstime.png> <./2014J_V_magvstime.png> <./2014J_R_magvstime.png
>] [4 <./2014J_I_magvstime.png> <./2014J_all_magvstime.png>]
<1987A_U_magvstime.png, id=33, 462.528pt x 346.896pt>
File: 1987A_U_magvstime.png Graphic file (type png)
<use 1987A_U_magvstime.png>
Package pdftex.def Info: 1987A_U_magvstime.png  used on input line 7.
(pdftex.def)             Requested size: 172.5pt x 129.37639pt.
<1987A_B_magvstime.png, id=34, 462.528pt x 346.896pt>
File: 1987A_B_magvstime.png Graphic file (type png)
<use 1987A_B_magvstime.png>
Package pdftex.def Info: 1987A_B_magvstime.png  used on input line 11.
(pdftex.def)             Requested size: 172.5pt x 129.37639pt.
<1987A_V_magvstime.png, id=35, 462.528pt x 346.896pt>
File: 1987A_V_magvstime.png Graphic file (type png)
<use 1987A_V_magvstime.png>
Package pdftex.def Info: 1987A_V_magvstime.png  used on input line 15.
(pdftex.def)             Requested size: 172.5pt x 129.37639pt.
<1987A_R_magvstime.png, id=36, 462.528pt x 346.896pt>
File: 1987A_R_magvstime.png Graphic file (type png)
<use 1987A_R_magvstime.png>
Package pdftex.def Info: 1987A_R_magvstime.png  used on input line 19.
(pdftex.def)             Requested size: 172.5pt x 129.37639pt.
<1987A_I_magvstime.png, id=37, 462.528pt x 346.896pt>
File: 1987A_I_magvstime.png Graphic file (type png)
<use 1987A_I_magvstime.png>
Package pdftex.def Info: 1987A_I_magvstime.png  used on input line 23.
(pdftex.def)             Requested size: 172.5pt x 129.37639pt.
<1987A_all_magvstime.png, id=38, 462.528pt x 346.896pt>
File: 1987A_all_magvstime.png Graphic file (type png)
<use 1987A_all_magvstime.png>
Package pdftex.def Info: 1987A_all_magvstime.png  used on input line 27.
(pdftex.def)             Requested size: 172.5pt x 129.37639pt.
) (./comparison.tex
<1987A_U_linear.png, id=39, 462.528pt x 346.896pt>
File: 1987A_U_linear.png Graphic file (type png)
<use 1987A_U_linear.png>
Package pdftex.def Info: 1987A_U_linear.png  used on input line 9.
(pdftex.def)             Requested size: 172.5pt x 129.37639pt.
<2014J_U_linear.png, id=40, 462.528pt x 346.896pt>
File: 2014J_U_linear.png Graphic file (type png)
<use 2014J_U_linear.png>
Package pdftex.def Info: 2014J_U_linear.png  used on input line 14.
(pdftex.def)             Requested size: 172.5pt x 129.37639pt.
[5 <./1987A_U_magvstime.png> <./1987A_B_magvstime.png>] [6 <./1987A_V_magvstime
.png> <./1987A_R_magvstime.png> <./1987A_I_magvstime.png>] [7 <./1987A_all_magv
stime.png> <./1987A_U_linear.png> <./2014J_U_linear.png>]) (./conclusion.tex)
(./alltogethernow.bbl) [8] (./alltogethernow.aux) ) 
Here is how much of TeX's memory you used:
 1271 strings out of 483183
 19373 string characters out of 5966292
 247606 words of memory out of 5000000
 16291 multiletter control sequences out of 15000+600000
 535978 words of font info for 36 fonts, out of 8000000 for 9000
 14 hyphenation exceptions out of 8191
 30i,6n,25p,1014b,211s stack positions out of 5000i,500n,10000p,200000b,80000s
</usr/share/texlive/texmf-di
st/fonts/type1/public/amsfonts/cm/cmbx12.pfb></usr/share/texlive/texmf-dist/fon
ts/type1/public/amsfonts/cm/cmr10.pfb></usr/share/texlive/texmf-dist/fonts/type
1/public/amsfonts/cm/cmr12.pfb></usr/share/texlive/texmf-dist/fonts/type1/publi
c/amsfonts/cm/cmr17.pfb></usr/share/texlive/texmf-dist/fonts/type1/public/amsfo
nts/cm/cmr7.pfb>
Output written on alltogethernow.pdf (8 pages, 491491 bytes).
PDF statistics:
 80 PDF objects out of 1000 (max. 8388607)
 36 compressed objects within 1 object stream
 0 named destinations out of 1000 (max. 500000)
 71 words of extra memory for PDF output out of 10000 (max. 10000000)

